#
# There is insufficient memory for the Java Runtime Environment to continue.
# Cannot create worker GC thread. Out of system resources.
# Possible reasons:
#   The system is out of physical RAM or swap space
#   The process is running with CompressedOops enabled, and the Java Heap may be blocking the growth of the native heap
# Possible solutions:
#   Reduce memory load on the system
#   Increase physical memory or swap space
#   Check if swap backing store is full
#   Decrease Java heap size (-Xmx/-Xms)
#   Decrease number of Java threads
#   Decrease Java thread stack sizes (-Xss)
#   Set larger code cache with -XX:ReservedCodeCacheSize=
#   JVM is running with Unscaled Compressed Oops mode in which the Java heap is
#     placed in the first 4GB address space. The Java Heap base address is the
#     maximum limit for the native heap growth. Please use -XX:HeapBaseMinAddress
#     to set the Java Heap base and to place the Java Heap above 4GB virtual address.
# This output file may be truncated or incomplete.
#
#  Out of Memory Error (workerManager.hpp:87), pid=35554, tid=35554
#
# JRE version:  (17.0.10+7) (build )
# Java VM: OpenJDK 64-Bit Server VM (17.0.10+7, mixed mode, sharing, tiered, compressed oops, compressed class ptrs, g1 gc, linux-amd64)
# Core dump will be written. Default location: Core dumps may be processed with "/usr/share/apport/apport -p%p -s%s -c%c -d%d -P%P -u%u -g%g -- %E" (or dumping to /home/inf1/daw2025/ejInterfaceRunnableIni/core.35554)
#

---------------  S U M M A R Y ------------

Command Line: -Dfile.encoding=UTF-8 -Dstdout.encoding=UTF-8 -Dstderr.encoding=UTF-8 -XX:+ShowCodeDetailsInExceptionMessages ejInterfaceRunnable.Main

Host: Intel(R) Core(TM) i5-4590 CPU @ 3.30GHz, 4 cores, 7G, Ubuntu 22.04 LTS
Time: Fri Apr  5 12:57:38 2024 CEST elapsed time: 0.036742 seconds (0d 0h 0m 0s)

---------------  T H R E A D  ---------------

Current thread (0x000055c859717cd0):  JavaThread "Unknown thread" [_thread_in_vm, id=35554, stack(0x00007fff9b48a000,0x00007fff9bc89000)]

Stack: [0x00007fff9b48a000,0x00007fff9bc89000],  sp=0x00007fff9bc83fe0,  free space=8167k
Native frames: (J=compiled Java code, j=interpreted, Vv=VM code, C=native code)
V  [libjvm.so+0xee0831]  VMError::report_and_die(int, char const*, char const*, __va_list_tag*, Thread*, unsigned char*, void*, void*, char const*, int, unsigned long)+0x1a1
V  [libjvm.so+0xee141d]  VMError::report_and_die(Thread*, char const*, int, unsigned long, VMErrorType, char const*, __va_list_tag*)+0x2d
V  [libjvm.so+0x60a3ac]  report_vm_out_of_memory(char const*, int, unsigned long, VMErrorType, char const*, ...)+0xdc
V  [libjvm.so+0xf1475f]  WorkerManager::add_workers(WorkGang*, unsigned int, unsigned int, unsigned int, os::ThreadType, bool)+0x18f
V  [libjvm.so+0xf148fa]  WorkGang::initialize_workers()+0x4a
V  [libjvm.so+0x6f1ec1]  G1CollectedHeap::initialize()+0x6c1
V  [libjvm.so+0xe8e872]  universe_init()+0xd2
V  [libjvm.so+0x7ff8b7]  init_globals()+0x37
V  [libjvm.so+0xe6505d]  Threads::create_vm(JavaVMInitArgs*, bool*)+0x36d
V  [libjvm.so+0x8bfb52]  JNI_CreateJavaVM+0x52
C  [libjli.so+0x9c6f]  JavaMain+0x8f
C  [libjli.so+0xeb80]  CallJavaMainInNewThread+0xb0
C  [libjli.so+0xbc5d]  ContinueInNewThread+0x5d
C  [libjli.so+0xd2d4]  JLI_Launch+0x1484
C  [java+0x1203]  main+0x123


---------------  P R O C E S S  ---------------

Threads class SMR info:
_java_thread_list=0x00007ff8e0801fc0, length=0, elements={
}

Java Threads: ( => current thread )

Other Threads:

[error occurred during error reporting (printing all threads), id 0xb, SIGSEGV (0xb) at pc=0x00007ff8dfbc3820]

VM state: not at safepoint (not fully initialized)

VM Mutex/Monitor currently owned by a thread:  ([mutex/lock_event])
[0x000055c859715600] Heap_lock - owner thread: 0x000055c859717cd0

Heap address: 0x0000000085c00000, size: 1956 MB, Compressed Oops mode: 32-bit

CDS archive(s) mapped at: [0x0000000000000000-0x0000000000000000-0x0000000000000000), size 0, SharedBaseAddress: 0x0000000800000000, ArchiveRelocationMode: 1.
Narrow klass base: 0x0000000000000000, Narrow klass shift: 0, Narrow klass range: 0x0

GC Precious Log:
<Empty>

Heap:
 garbage-first heap   total 0K, used 0K [0x0000000085c00000, 0x0000000100000000)
  region size 1024K, 0 young (0K), 0 survivors (0K)

[error occurred during error reporting (printing heap information), id 0xb, SIGSEGV (0xb) at pc=0x00007ff8e018d11a]

GC Heap History (0 events):
No events

Dll operation events (1 events):
Event: 0.005 Loaded shared library /snap/eclipse/87/plugins/org.eclipse.justj.openjdk.hotspot.jre.full.linux.x86_64_17.0.10.v20240120-1143/jre/lib/libjava.so

Deoptimization events (0 events):
No events

Classes unloaded (0 events):
No events

Classes redefined (0 events):
No events

Internal exceptions (0 events):
No events

VM Operations (0 events):
No events

Events (1 events):
Event: 0.003 Protecting memory [0x00007fff9b48a000,0x00007fff9b48e000] with protection modes 0


Dynamic libraries:
85c00000-100000000 ---p 00000000 00:00 0 
55c8593e1000-55c8593e2000 r--p 00000000 07:1b 1366                       /snap/eclipse/87/plugins/org.eclipse.justj.openjdk.hotspot.jre.full.linux.x86_64_17.0.10.v20240120-1143/jre/bin/java
55c8593e2000-55c8593e3000 r-xp 00001000 07:1b 1366                       /snap/eclipse/87/plugins/org.eclipse.justj.openjdk.hotspot.jre.full.linux.x86_64_17.0.10.v20240120-1143/jre/bin/java
55c8593e3000-55c8593e4000 r--p 00002000 07:1b 1366                       /snap/eclipse/87/plugins/org.eclipse.justj.openjdk.hotspot.jre.full.linux.x86_64_17.0.10.v20240120-1143/jre/bin/java
55c8593e4000-55c8593e5000 r--p 00002000 07:1b 1366                       /snap/eclipse/87/plugins/org.eclipse.justj.openjdk.hotspot.jre.full.linux.x86_64_17.0.10.v20240120-1143/jre/bin/java
55c8593e5000-55c8593e6000 rw-p 00003000 07:1b 1366                       /snap/eclipse/87/plugins/org.eclipse.justj.openjdk.hotspot.jre.full.linux.x86_64_17.0.10.v20240120-1143/jre/bin/java
55c8596cb000-55c85978c000 rw-p 00000000 00:00 0                          [heap]
7ff8c7872000-7ff8c7c59000 rw-p 00000000 00:00 0 
7ff8c7c59000-7ff8c7c5a000 ---p 00000000 00:00 0 
7ff8c7c5a000-7ff8c7d9b000 rw-p 00000000 00:00 0 
7ff8c7d9b000-7ff8cc631000 ---p 00000000 00:00 0 
7ff8cc631000-7ff8cca3a000 rw-p 00000000 00:00 0 
7ff8cca3a000-7ff8ccb20000 ---p 00000000 00:00 0 
7ff8ccb20000-7ff8ccb25000 rw-p 00000000 00:00 0 
7ff8ccb25000-7ff8ccc0b000 ---p 00000000 00:00 0 
7ff8ccc0b000-7ff8ccc10000 rw-p 00000000 00:00 0 
7ff8ccc10000-7ff8ccc17000 ---p 00000000 00:00 0 
7ff8ccc17000-7ff8cce87000 rwxp 00000000 00:00 0 
7ff8cce87000-7ff8d414e000 ---p 00000000 00:00 0 
7ff8d414e000-7ff8d43be000 rwxp 00000000 00:00 0 
7ff8d43be000-7ff8d46df000 ---p 00000000 00:00 0 
7ff8d46df000-7ff8d494f000 rwxp 00000000 00:00 0 
7ff8d494f000-7ff8dbc17000 ---p 00000000 00:00 0 
7ff8dbc17000-7ff8dbc25000 r--p 00000000 07:1b 1751                       /snap/eclipse/87/plugins/org.eclipse.justj.openjdk.hotspot.jre.full.linux.x86_64_17.0.10.v20240120-1143/jre/lib/libjava.so
7ff8dbc25000-7ff8dbc37000 r-xp 0000e000 07:1b 1751                       /snap/eclipse/87/plugins/org.eclipse.justj.openjdk.hotspot.jre.full.linux.x86_64_17.0.10.v20240120-1143/jre/lib/libjava.so
7ff8dbc37000-7ff8dbc3d000 r--p 00020000 07:1b 1751                       /snap/eclipse/87/plugins/org.eclipse.justj.openjdk.hotspot.jre.full.linux.x86_64_17.0.10.v20240120-1143/jre/lib/libjava.so
7ff8dbc3d000-7ff8dbc3e000 ---p 00026000 07:1b 1751                       /snap/eclipse/87/plugins/org.eclipse.justj.openjdk.hotspot.jre.full.linux.x86_64_17.0.10.v20240120-1143/jre/lib/libjava.so
7ff8dbc3e000-7ff8dbc3f000 r--p 00026000 07:1b 1751                       /snap/eclipse/87/plugins/org.eclipse.justj.openjdk.hotspot.jre.full.linux.x86_64_17.0.10.v20240120-1143/jre/lib/libjava.so
7ff8dbc3f000-7ff8dbc40000 rw-p 00027000 07:1b 1751                       /snap/eclipse/87/plugins/org.eclipse.justj.openjdk.hotspot.jre.full.linux.x86_64_17.0.10.v20240120-1143/jre/lib/libjava.so
7ff8dbc40000-7ff8dbc41000 rw-p 00000000 00:00 0 
7ff8dbc41000-7ff8df2b9000 r--s 00000000 07:1b 1773                       /snap/eclipse/87/plugins/org.eclipse.justj.openjdk.hotspot.jre.full.linux.x86_64_17.0.10.v20240120-1143/jre/lib/modules
7ff8df2b9000-7ff8df2bd000 r--p 00000000 07:1b 1755                       /snap/eclipse/87/plugins/org.eclipse.justj.openjdk.hotspot.jre.full.linux.x86_64_17.0.10.v20240120-1143/jre/lib/libjimage.so
7ff8df2bd000-7ff8df2d0000 r-xp 00004000 07:1b 1755                       /snap/eclipse/87/plugins/org.eclipse.justj.openjdk.hotspot.jre.full.linux.x86_64_17.0.10.v20240120-1143/jre/lib/libjimage.so
7ff8df2d0000-7ff8df2d6000 r--p 00017000 07:1b 1755                       /snap/eclipse/87/plugins/org.eclipse.justj.openjdk.hotspot.jre.full.linux.x86_64_17.0.10.v20240120-1143/jre/lib/libjimage.so
7ff8df2d6000-7ff8df2d8000 r--p 0001c000 07:1b 1755                       /snap/eclipse/87/plugins/org.eclipse.justj.openjdk.hotspot.jre.full.linux.x86_64_17.0.10.v20240120-1143/jre/lib/libjimage.so
7ff8df2d8000-7ff8df2d9000 rw-p 0001e000 07:1b 1755                       /snap/eclipse/87/plugins/org.eclipse.justj.openjdk.hotspot.jre.full.linux.x86_64_17.0.10.v20240120-1143/jre/lib/libjimage.so
7ff8df2d9000-7ff8df3d9000 rw-p 00000000 00:00 0 
7ff8df3d9000-7ff8df3e7000 r--p 00000000 08:01 4198238                    /usr/lib/x86_64-linux-gnu/libm.so.6
7ff8df3e7000-7ff8df463000 r-xp 0000e000 08:01 4198238                    /usr/lib/x86_64-linux-gnu/libm.so.6
7ff8df463000-7ff8df4be000 r--p 0008a000 08:01 4198238                    /usr/lib/x86_64-linux-gnu/libm.so.6
7ff8df4be000-7ff8df4bf000 r--p 000e4000 08:01 4198238                    /usr/lib/x86_64-linux-gnu/libm.so.6
7ff8df4bf000-7ff8df4c0000 rw-p 000e5000 08:01 4198238                    /usr/lib/x86_64-linux-gnu/libm.so.6
7ff8df4c0000-7ff8df4c1000 r--p 00000000 08:01 4198250                    /usr/lib/x86_64-linux-gnu/librt.so.1
7ff8df4c1000-7ff8df4c2000 r-xp 00001000 08:01 4198250                    /usr/lib/x86_64-linux-gnu/librt.so.1
7ff8df4c2000-7ff8df4c3000 r--p 00002000 08:01 4198250                    /usr/lib/x86_64-linux-gnu/librt.so.1
7ff8df4c3000-7ff8df4c4000 r--p 00002000 08:01 4198250                    /usr/lib/x86_64-linux-gnu/librt.so.1
7ff8df4c4000-7ff8df4c5000 rw-p 00003000 08:01 4198250                    /usr/lib/x86_64-linux-gnu/librt.so.1
7ff8df4c5000-7ff8df718000 r--p 00000000 07:1b 1783                       /snap/eclipse/87/plugins/org.eclipse.justj.openjdk.hotspot.jre.full.linux.x86_64_17.0.10.v20240120-1143/jre/lib/server/libjvm.so
7ff8df718000-7ff8e0437000 r-xp 00253000 07:1b 1783                       /snap/eclipse/87/plugins/org.eclipse.justj.openjdk.hotspot.jre.full.linux.x86_64_17.0.10.v20240120-1143/jre/lib/server/libjvm.so
7ff8e0437000-7ff8e06c3000 r--p 00f72000 07:1b 1783                       /snap/eclipse/87/plugins/org.eclipse.justj.openjdk.hotspot.jre.full.linux.x86_64_17.0.10.v20240120-1143/jre/lib/server/libjvm.so
7ff8e06c3000-7ff8e06c4000 ---p 011fe000 07:1b 1783                       /snap/eclipse/87/plugins/org.eclipse.justj.openjdk.hotspot.jre.full.linux.x86_64_17.0.10.v20240120-1143/jre/lib/server/libjvm.so
7ff8e06c4000-7ff8e077d000 r--p 011fe000 07:1b 1783                       /snap/eclipse/87/plugins/org.eclipse.justj.openjdk.hotspot.jre.full.linux.x86_64_17.0.10.v20240120-1143/jre/lib/server/libjvm.so
7ff8e077d000-7ff8e07b2000 rw-p 012b7000 07:1b 1783                       /snap/eclipse/87/plugins/org.eclipse.justj.openjdk.hotspot.jre.full.linux.x86_64_17.0.10.v20240120-1143/jre/lib/server/libjvm.so
7ff8e07b2000-7ff8e080e000 rw-p 00000000 00:00 0 
7ff8e080e000-7ff8e0836000 r--p 00000000 08:01 4198234                    /usr/lib/x86_64-linux-gnu/libc.so.6
7ff8e0836000-7ff8e09cb000 r-xp 00028000 08:01 4198234                    /usr/lib/x86_64-linux-gnu/libc.so.6
7ff8e09cb000-7ff8e0a23000 r--p 001bd000 08:01 4198234                    /usr/lib/x86_64-linux-gnu/libc.so.6
7ff8e0a23000-7ff8e0a24000 ---p 00215000 08:01 4198234                    /usr/lib/x86_64-linux-gnu/libc.so.6
7ff8e0a24000-7ff8e0a28000 r--p 00215000 08:01 4198234                    /usr/lib/x86_64-linux-gnu/libc.so.6
7ff8e0a28000-7ff8e0a2a000 rw-p 00219000 08:01 4198234                    /usr/lib/x86_64-linux-gnu/libc.so.6
7ff8e0a2a000-7ff8e0a37000 rw-p 00000000 00:00 0 
7ff8e0a37000-7ff8e0a38000 r--p 00000000 08:01 4198236                    /usr/lib/x86_64-linux-gnu/libdl.so.2
7ff8e0a38000-7ff8e0a39000 r-xp 00001000 08:01 4198236                    /usr/lib/x86_64-linux-gnu/libdl.so.2
7ff8e0a39000-7ff8e0a3a000 r--p 00002000 08:01 4198236                    /usr/lib/x86_64-linux-gnu/libdl.so.2
7ff8e0a3a000-7ff8e0a3b000 r--p 00002000 08:01 4198236                    /usr/lib/x86_64-linux-gnu/libdl.so.2
7ff8e0a3b000-7ff8e0a3c000 rw-p 00003000 08:01 4198236                    /usr/lib/x86_64-linux-gnu/libdl.so.2
7ff8e0a3c000-7ff8e0a3d000 r--p 00000000 08:01 4198248                    /usr/lib/x86_64-linux-gnu/libpthread.so.0
7ff8e0a3d000-7ff8e0a3e000 r-xp 00001000 08:01 4198248                    /usr/lib/x86_64-linux-gnu/libpthread.so.0
7ff8e0a3e000-7ff8e0a3f000 r--p 00002000 08:01 4198248                    /usr/lib/x86_64-linux-gnu/libpthread.so.0
7ff8e0a3f000-7ff8e0a40000 r--p 00002000 08:01 4198248                    /usr/lib/x86_64-linux-gnu/libpthread.so.0
7ff8e0a40000-7ff8e0a41000 rw-p 00003000 08:01 4198248                    /usr/lib/x86_64-linux-gnu/libpthread.so.0
7ff8e0a49000-7ff8e0a51000 rw-s 00000000 08:01 15731262                   /tmp/hsperfdata_inf1/35554
7ff8e0a51000-7ff8e0a52000 ---p 00000000 00:00 0 
7ff8e0a52000-7ff8e0a53000 r--p 00000000 00:00 0 
7ff8e0a53000-7ff8e0a56000 r--p 00000000 07:1b 1756                       /snap/eclipse/87/plugins/org.eclipse.justj.openjdk.hotspot.jre.full.linux.x86_64_17.0.10.v20240120-1143/jre/lib/libjli.so
7ff8e0a56000-7ff8e0a66000 r-xp 00003000 07:1b 1756                       /snap/eclipse/87/plugins/org.eclipse.justj.openjdk.hotspot.jre.full.linux.x86_64_17.0.10.v20240120-1143/jre/lib/libjli.so
7ff8e0a66000-7ff8e0a6d000 r--p 00013000 07:1b 1756                       /snap/eclipse/87/plugins/org.eclipse.justj.openjdk.hotspot.jre.full.linux.x86_64_17.0.10.v20240120-1143/jre/lib/libjli.so
7ff8e0a6d000-7ff8e0a6e000 r--p 00019000 07:1b 1756                       /snap/eclipse/87/plugins/org.eclipse.justj.openjdk.hotspot.jre.full.linux.x86_64_17.0.10.v20240120-1143/jre/lib/libjli.so
7ff8e0a6e000-7ff8e0a6f000 rw-p 0001a000 07:1b 1756                       /snap/eclipse/87/plugins/org.eclipse.justj.openjdk.hotspot.jre.full.linux.x86_64_17.0.10.v20240120-1143/jre/lib/libjli.so
7ff8e0a6f000-7ff8e0a71000 rw-p 00000000 00:00 0 
7ff8e0a71000-7ff8e0a73000 r--p 00000000 08:01 4198228                    /usr/lib/x86_64-linux-gnu/ld-linux-x86-64.so.2
7ff8e0a73000-7ff8e0a9d000 r-xp 00002000 08:01 4198228                    /usr/lib/x86_64-linux-gnu/ld-linux-x86-64.so.2
7ff8e0a9d000-7ff8e0aa8000 r--p 0002c000 08:01 4198228                    /usr/lib/x86_64-linux-gnu/ld-linux-x86-64.so.2
7ff8e0aa8000-7ff8e0aa9000 ---p 00000000 00:00 0 
7ff8e0aa9000-7ff8e0aab000 r--p 00037000 08:01 4198228                    /usr/lib/x86_64-linux-gnu/ld-linux-x86-64.so.2
7ff8e0aab000-7ff8e0aad000 rw-p 00039000 08:01 4198228                    /usr/lib/x86_64-linux-gnu/ld-linux-x86-64.so.2
7fff9b48a000-7fff9b48e000 ---p 00000000 00:00 0 
7fff9bc69000-7fff9bc8a000 rw-p 00000000 00:00 0                          [stack]
7fff9bd8e000-7fff9bd92000 r--p 00000000 00:00 0                          [vvar]
7fff9bd92000-7fff9bd94000 r-xp 00000000 00:00 0                          [vdso]
ffffffffff600000-ffffffffff601000 --xp 00000000 00:00 0                  [vsyscall]


VM Arguments:
jvm_args: -Dfile.encoding=UTF-8 -Dstdout.encoding=UTF-8 -Dstderr.encoding=UTF-8 -XX:+ShowCodeDetailsInExceptionMessages 
java_command: ejInterfaceRunnable.Main
java_class_path (initial): /home/inf1/daw2025/ejInterfaceRunnableIni/bin
Launcher Type: SUN_STANDARD

[Global flags]
     intx CICompilerCount                          = 3                                         {product} {ergonomic}
     uint ConcGCThreads                            = 1                                         {product} {ergonomic}
     uint G1ConcRefinementThreads                  = 4                                         {product} {ergonomic}
   size_t G1HeapRegionSize                         = 1048576                                   {product} {ergonomic}
    uintx GCDrainStackTargetSize                   = 64                                        {product} {ergonomic}
   size_t InitialHeapSize                          = 130023424                                 {product} {ergonomic}
   size_t MarkStackSize                            = 4194304                                   {product} {ergonomic}
   size_t MaxHeapSize                              = 2051014656                                {product} {ergonomic}
   size_t MinHeapDeltaBytes                        = 1048576                                   {product} {ergonomic}
   size_t MinHeapSize                              = 8388608                                   {product} {ergonomic}
    uintx NonNMethodCodeHeapSize                   = 5832780                                {pd product} {ergonomic}
    uintx NonProfiledCodeHeapSize                  = 122912730                              {pd product} {ergonomic}
    uintx ProfiledCodeHeapSize                     = 122912730                              {pd product} {ergonomic}
    uintx ReservedCodeCacheSize                    = 251658240                              {pd product} {ergonomic}
     bool SegmentedCodeCache                       = true                                      {product} {ergonomic}
     bool ShowCodeDetailsInExceptionMessages       = true                                   {manageable} {command line}
   size_t SoftMaxHeapSize                          = 2051014656                             {manageable} {ergonomic}
     bool UseCompressedClassPointers               = true                           {product lp64_product} {ergonomic}
     bool UseCompressedOops                        = true                           {product lp64_product} {ergonomic}
     bool UseG1GC                                  = true                                      {product} {ergonomic}

Logging:
Log output configuration:
 #0: stdout all=warning uptime,level,tags
 #1: stderr all=off uptime,level,tags

Environment Variables:
PATH=/usr/local/sbin:/usr/local/bin:/usr/sbin:/usr/bin:/sbin:/bin:/usr/games:/usr/local/games:/snap/bin
XDG_CACHE_HOME=/home/inf1/.cache
XDG_CONFIG_HOME=/home/inf1/.config
SHELL=/bin/bash
DISPLAY=:0
LANG=es_ES.UTF-8
LC_NUMERIC=es_ES.UTF-8
LC_TIME=es_ES.UTF-8
TERM=qterminal

Active Locale:
LC_ALL=C
LC_COLLATE=C
LC_CTYPE=C
LC_MESSAGES=C
LC_MONETARY=C
LC_NUMERIC=C
LC_TIME=C

Signal Handlers:
   SIGSEGV: crash_handler in libjvm.so, mask=11100100010111111101111111111110, flags=SA_RESTART|SA_SIGINFO, unblocked
    SIGBUS: crash_handler in libjvm.so, mask=11100100010111111101111111111110, flags=SA_RESTART|SA_SIGINFO, unblocked
    SIGFPE: crash_handler in libjvm.so, mask=11100100010111111101111111111110, flags=SA_RESTART|SA_SIGINFO, unblocked
   SIGPIPE: javaSignalHandler in libjvm.so, mask=11100100010111111101111111111110, flags=SA_RESTART|SA_SIGINFO, blocked
   SIGXFSZ: javaSignalHandler in libjvm.so, mask=11100100010111111101111111111110, flags=SA_RESTART|SA_SIGINFO, blocked
    SIGILL: crash_handler in libjvm.so, mask=11100100010111111101111111111110, flags=SA_RESTART|SA_SIGINFO, unblocked
   SIGUSR2: SR_handler in libjvm.so, mask=00100000000000000000000000000000, flags=SA_RESTART|SA_SIGINFO, blocked
    SIGHUP: SIG_DFL, mask=00000000000000000000000000000000, flags=none, blocked
    SIGINT: SIG_DFL, mask=00000000000000000000000000000000, flags=none, blocked
   SIGTERM: SIG_DFL, mask=00000000000000000000000000000000, flags=none, blocked
   SIGQUIT: UserHandler in libjvm.so, mask=11100100010111111101111111111110, flags=SA_RESTART|SA_SIGINFO, blocked
   SIGTRAP: crash_handler in libjvm.so, mask=11100100010111111101111111111110, flags=SA_RESTART|SA_SIGINFO, unblocked


Periodic native trim disabled


---------------  S Y S T E M  ---------------

OS:
DISTRIB_ID=Ubuntu
DISTRIB_RELEASE=22.04
DISTRIB_CODENAME=jammy
DISTRIB_DESCRIPTION="Ubuntu 22.04 LTS"
uname: Linux 5.15.0-101-generic #111-Ubuntu SMP Tue Mar 5 20:16:58 UTC 2024 x86_64
OS uptime: 0 days 3:33 hours
libc: glibc 2.35 NPTL 2.35 
rlimit (soft/hard): STACK 8192k/infinity , CORE 0k/infinity , NPROC 30786/30786 , NOFILE 1048576/1048576 , AS infinity/infinity , CPU infinity/infinity , DATA infinity/infinity , FSIZE infinity/infinity , MEMLOCK 1000668k/1000668k
load average: 3.44 1.48 0.83

/proc/meminfo:
MemTotal:        8005372 kB
MemFree:         1483580 kB
MemAvailable:    3110748 kB
Buffers:          162388 kB
Cached:          2037608 kB
SwapCached:           72 kB
Active:          1407844 kB
Inactive:        4398168 kB
Active(anon):      68356 kB
Inactive(anon):  3937632 kB
Active(file):    1339488 kB
Inactive(file):   460536 kB
Unevictable:      118748 kB
Mlocked:               0 kB
SwapTotal:        524284 kB
SwapFree:         522224 kB
Dirty:              2840 kB
Writeback:             0 kB
AnonPages:       3725288 kB
Mapped:           572640 kB
Shmem:            399456 kB
KReclaimable:     124696 kB
Slab:             296240 kB
SReclaimable:     124696 kB
SUnreclaim:       171544 kB
KernelStack:      158064 kB
PageTables:        47520 kB
NFS_Unstable:          0 kB
Bounce:                0 kB
WritebackTmp:          0 kB
CommitLimit:     4526968 kB
Committed_AS:   16552792 kB
VmallocTotal:   34359738367 kB
VmallocUsed:      181384 kB
VmallocChunk:          0 kB
Percpu:             3600 kB
HardwareCorrupted:     0 kB
AnonHugePages:         0 kB
ShmemHugePages:        0 kB
ShmemPmdMapped:        0 kB
FileHugePages:         0 kB
FilePmdMapped:         0 kB
HugePages_Total:       0
HugePages_Free:        0
HugePages_Rsvd:        0
HugePages_Surp:        0
Hugepagesize:       2048 kB
Hugetlb:               0 kB
DirectMap4k:      329828 kB
DirectMap2M:     7936000 kB
DirectMap1G:     1048576 kB

/sys/kernel/mm/transparent_hugepage/enabled: always [madvise] never
/sys/kernel/mm/transparent_hugepage/defrag (defrag/compaction efforts parameter): always defer defer+madvise [madvise] never

Process Memory:
Virtual Size: 2415760K (peak: 2415760K)
Resident Set Size: 18136K (peak: 18136K) (anon: 5704K, file: 12432K, shmem: 0K)
Swapped out: 0K
C-Heap outstanding allocations: 8824K, retained: 55K
glibc malloc tunables: (default)

/proc/sys/kernel/threads-max (system-wide limit on the number of threads): 61573
/proc/sys/vm/max_map_count (maximum number of memory map areas a process may have): 65530
/proc/sys/kernel/pid_max (system-wide limit on number of process identifiers): 4194304

container (cgroup) information:
container_type: cgroupv2
cpu_cpuset_cpus: not supported
cpu_memory_nodes: not supported
active_processor_count: 4
cpu_quota: not supported
cpu_period: not supported
cpu_shares: not supported
memory_limit_in_bytes: unlimited
memory_and_swap_limit_in_bytes: unlimited
memory_soft_limit_in_bytes: unlimited
memory_usage_in_bytes: 2634088 k
memory_max_usage_in_bytes: not supported
memory_swap_current_in_bytes: 4 k
memory_swap_max_limit_in_bytes: unlimited
maximum number of tasks: 9235
current number of tasks: 9235

Steal ticks since vm start: 0
Steal ticks percentage since vm start:  0.000

CPU: total 4 (initial active 4) (4 cores per cpu, 1 threads per core) family 6 model 60 stepping 3 microcode 0x28, cx8, cmov, fxsr, mmx, sse, sse2, sse3, ssse3, sse4.1, sse4.2, popcnt, lzcnt, tsc, tscinvbit, avx, avx2, aes, erms, clmul, bmi1, bmi2, fma, vzeroupper, clflush
CPU Model and flags from /proc/cpuinfo:
model name	: Intel(R) Core(TM) i5-4590 CPU @ 3.30GHz
flags		: fpu vme de pse tsc msr pae mce cx8 apic sep mtrr pge mca cmov pat pse36 clflush dts acpi mmx fxsr sse sse2 ss ht tm pbe syscall nx pdpe1gb rdtscp lm constant_tsc arch_perfmon pebs bts rep_good nopl xtopology nonstop_tsc cpuid aperfmperf pni pclmulqdq dtes64 monitor ds_cpl vmx smx est tm2 ssse3 sdbg fma cx16 xtpr pdcm pcid sse4_1 sse4_2 x2apic movbe popcnt tsc_deadline_timer aes xsave avx f16c rdrand lahf_lm abm cpuid_fault invpcid_single pti ssbd ibrs ibpb stibp tpr_shadow vnmi flexpriority ept vpid ept_ad fsgsbase tsc_adjust bmi1 avx2 smep bmi2 erms invpcid xsaveopt dtherm ida arat pln pts md_clear flush_l1d

Online cpus: 0-3
Offline cpus: 
BIOS frequency limitation: <Not Available>
Frequency switch latency (ns): 20000
Available cpu frequencies: <Not Available>
Current governor: schedutil
Core performance/turbo boost: <Not Available>

Memory: 4k page, physical 8005372k(1483580k free), swap 524284k(522224k free)
Page Sizes: 4k

vm_info: OpenJDK 64-Bit Server VM (17.0.10+7) for linux-amd64 JRE (17.0.10+7), built on Jan 16 2024 00:00:00 by "admin" with gcc 10.3.0

END.
