#
# There is insufficient memory for the Java Runtime Environment to continue.
# Cannot create worker GC thread. Out of system resources.
# Possible reasons:
#   The system is out of physical RAM or swap space
#   The process is running with CompressedOops enabled, and the Java Heap may be blocking the growth of the native heap
# Possible solutions:
#   Reduce memory load on the system
#   Increase physical memory or swap space
#   Check if swap backing store is full
#   Decrease Java heap size (-Xmx/-Xms)
#   Decrease number of Java threads
#   Decrease Java thread stack sizes (-Xss)
#   Set larger code cache with -XX:ReservedCodeCacheSize=
#   JVM is running with Unscaled Compressed Oops mode in which the Java heap is
#     placed in the first 4GB address space. The Java Heap base address is the
#     maximum limit for the native heap growth. Please use -XX:HeapBaseMinAddress
#     to set the Java Heap base and to place the Java Heap above 4GB virtual address.
# This output file may be truncated or incomplete.
#
#  Out of Memory Error (workerManager.hpp:87), pid=44801, tid=44801
#
# JRE version:  (17.0.10+7) (build )
# Java VM: OpenJDK 64-Bit Server VM (17.0.10+7, mixed mode, sharing, tiered, compressed oops, compressed class ptrs, g1 gc, linux-amd64)
# Core dump will be written. Default location: Core dumps may be processed with "/usr/share/apport/apport -p%p -s%s -c%c -d%d -P%P -u%u -g%g -- %E" (or dumping to /home/inf1/daw2025/ejInterfaceRunnableIni/core.44801)
#

---------------  S U M M A R Y ------------

Command Line: -Dfile.encoding=UTF-8 -Dstdout.encoding=UTF-8 -Dstderr.encoding=UTF-8 -XX:+ShowCodeDetailsInExceptionMessages ejInterfaceRunnable.Main

Host: Intel(R) Core(TM) i5-4590 CPU @ 3.30GHz, 4 cores, 7G, Ubuntu 22.04 LTS
Time: Fri Apr  5 12:59:57 2024 CEST elapsed time: 0.021821 seconds (0d 0h 0m 0s)

---------------  T H R E A D  ---------------

Current thread (0x0000555c6d96fcd0):  JavaThread "Unknown thread" [_thread_in_vm, id=44801, stack(0x00007fff1f19d000,0x00007fff1f99b000)]

Stack: [0x00007fff1f19d000,0x00007fff1f99b000],  sp=0x00007fff1f995e20,  free space=8163k
Native frames: (J=compiled Java code, j=interpreted, Vv=VM code, C=native code)
V  [libjvm.so+0xee0831]  VMError::report_and_die(int, char const*, char const*, __va_list_tag*, Thread*, unsigned char*, void*, void*, char const*, int, unsigned long)+0x1a1
V  [libjvm.so+0xee141d]  VMError::report_and_die(Thread*, char const*, int, unsigned long, VMErrorType, char const*, __va_list_tag*)+0x2d
V  [libjvm.so+0x60a3ac]  report_vm_out_of_memory(char const*, int, unsigned long, VMErrorType, char const*, ...)+0xdc
V  [libjvm.so+0xf1475f]  WorkerManager::add_workers(WorkGang*, unsigned int, unsigned int, unsigned int, os::ThreadType, bool)+0x18f
V  [libjvm.so+0xf148fa]  WorkGang::initialize_workers()+0x4a
V  [libjvm.so+0x6f1ec1]  G1CollectedHeap::initialize()+0x6c1
V  [libjvm.so+0xe8e872]  universe_init()+0xd2
V  [libjvm.so+0x7ff8b7]  init_globals()+0x37
V  [libjvm.so+0xe6505d]  Threads::create_vm(JavaVMInitArgs*, bool*)+0x36d
V  [libjvm.so+0x8bfb52]  JNI_CreateJavaVM+0x52
C  [libjli.so+0x9c6f]  JavaMain+0x8f
C  [libjli.so+0xeb80]  CallJavaMainInNewThread+0xb0
C  [libjli.so+0xbc5d]  ContinueInNewThread+0x5d
C  [libjli.so+0xd2d4]  JLI_Launch+0x1484
C  [java+0x1203]  main+0x123


---------------  P R O C E S S  ---------------

Threads class SMR info:
_java_thread_list=0x00007fad9a563fc0, length=0, elements={
}

Java Threads: ( => current thread )

Other Threads:

[error occurred during error reporting (printing all threads), id 0xb, SIGSEGV (0xb) at pc=0x00007fad99925820]

VM state: not at safepoint (not fully initialized)

VM Mutex/Monitor currently owned by a thread:  ([mutex/lock_event])
[0x0000555c6d96d600] Heap_lock - owner thread: 0x0000555c6d96fcd0

Heap address: 0x0000000085c00000, size: 1956 MB, Compressed Oops mode: 32-bit

CDS archive(s) mapped at: [0x0000000000000000-0x0000000000000000-0x0000000000000000), size 0, SharedBaseAddress: 0x0000000800000000, ArchiveRelocationMode: 1.
Narrow klass base: 0x0000000000000000, Narrow klass shift: 0, Narrow klass range: 0x0

GC Precious Log:
<Empty>

Heap:
 garbage-first heap   total 0K, used 0K [0x0000000085c00000, 0x0000000100000000)
  region size 1024K, 0 young (0K), 0 survivors (0K)

[error occurred during error reporting (printing heap information), id 0xb, SIGSEGV (0xb) at pc=0x00007fad99eef11a]

GC Heap History (0 events):
No events

Dll operation events (1 events):
Event: 0.002 Loaded shared library /snap/eclipse/87/plugins/org.eclipse.justj.openjdk.hotspot.jre.full.linux.x86_64_17.0.10.v20240120-1143/jre/lib/libjava.so

Deoptimization events (0 events):
No events

Classes unloaded (0 events):
No events

Classes redefined (0 events):
No events

Internal exceptions (0 events):
No events

VM Operations (0 events):
No events

Events (1 events):
Event: 0.001 Protecting memory [0x00007fff1f19d000,0x00007fff1f1a1000] with protection modes 0


Dynamic libraries:
85c00000-100000000 ---p 00000000 00:00 0 
555c6ca6b000-555c6ca6c000 r--p 00000000 07:1b 1366                       /snap/eclipse/87/plugins/org.eclipse.justj.openjdk.hotspot.jre.full.linux.x86_64_17.0.10.v20240120-1143/jre/bin/java
555c6ca6c000-555c6ca6d000 r-xp 00001000 07:1b 1366                       /snap/eclipse/87/plugins/org.eclipse.justj.openjdk.hotspot.jre.full.linux.x86_64_17.0.10.v20240120-1143/jre/bin/java
555c6ca6d000-555c6ca6e000 r--p 00002000 07:1b 1366                       /snap/eclipse/87/plugins/org.eclipse.justj.openjdk.hotspot.jre.full.linux.x86_64_17.0.10.v20240120-1143/jre/bin/java
555c6ca6e000-555c6ca6f000 r--p 00002000 07:1b 1366                       /snap/eclipse/87/plugins/org.eclipse.justj.openjdk.hotspot.jre.full.linux.x86_64_17.0.10.v20240120-1143/jre/bin/java
555c6ca6f000-555c6ca70000 rw-p 00003000 07:1b 1366                       /snap/eclipse/87/plugins/org.eclipse.justj.openjdk.hotspot.jre.full.linux.x86_64_17.0.10.v20240120-1143/jre/bin/java
555c6d923000-555c6d9e4000 rw-p 00000000 00:00 0                          [heap]
7fad815d4000-7fad819bb000 rw-p 00000000 00:00 0 
7fad819bb000-7fad819bc000 ---p 00000000 00:00 0 
7fad819bc000-7fad81afd000 rw-p 00000000 00:00 0 
7fad81afd000-7fad86393000 ---p 00000000 00:00 0 
7fad86393000-7fad8679c000 rw-p 00000000 00:00 0 
7fad8679c000-7fad86882000 ---p 00000000 00:00 0 
7fad86882000-7fad86887000 rw-p 00000000 00:00 0 
7fad86887000-7fad8696d000 ---p 00000000 00:00 0 
7fad8696d000-7fad86972000 rw-p 00000000 00:00 0 
7fad86972000-7fad86979000 ---p 00000000 00:00 0 
7fad86979000-7fad86be9000 rwxp 00000000 00:00 0 
7fad86be9000-7fad8deb0000 ---p 00000000 00:00 0 
7fad8deb0000-7fad8e120000 rwxp 00000000 00:00 0 
7fad8e120000-7fad8e441000 ---p 00000000 00:00 0 
7fad8e441000-7fad8e6b1000 rwxp 00000000 00:00 0 
7fad8e6b1000-7fad95979000 ---p 00000000 00:00 0 
7fad95979000-7fad95987000 r--p 00000000 07:1b 1751                       /snap/eclipse/87/plugins/org.eclipse.justj.openjdk.hotspot.jre.full.linux.x86_64_17.0.10.v20240120-1143/jre/lib/libjava.so
7fad95987000-7fad95999000 r-xp 0000e000 07:1b 1751                       /snap/eclipse/87/plugins/org.eclipse.justj.openjdk.hotspot.jre.full.linux.x86_64_17.0.10.v20240120-1143/jre/lib/libjava.so
7fad95999000-7fad9599f000 r--p 00020000 07:1b 1751                       /snap/eclipse/87/plugins/org.eclipse.justj.openjdk.hotspot.jre.full.linux.x86_64_17.0.10.v20240120-1143/jre/lib/libjava.so
7fad9599f000-7fad959a0000 ---p 00026000 07:1b 1751                       /snap/eclipse/87/plugins/org.eclipse.justj.openjdk.hotspot.jre.full.linux.x86_64_17.0.10.v20240120-1143/jre/lib/libjava.so
7fad959a0000-7fad959a1000 r--p 00026000 07:1b 1751                       /snap/eclipse/87/plugins/org.eclipse.justj.openjdk.hotspot.jre.full.linux.x86_64_17.0.10.v20240120-1143/jre/lib/libjava.so
7fad959a1000-7fad959a2000 rw-p 00027000 07:1b 1751                       /snap/eclipse/87/plugins/org.eclipse.justj.openjdk.hotspot.jre.full.linux.x86_64_17.0.10.v20240120-1143/jre/lib/libjava.so
7fad959a2000-7fad959a3000 rw-p 00000000 00:00 0 
7fad959a3000-7fad9901b000 r--s 00000000 07:1b 1773                       /snap/eclipse/87/plugins/org.eclipse.justj.openjdk.hotspot.jre.full.linux.x86_64_17.0.10.v20240120-1143/jre/lib/modules
7fad9901b000-7fad9901f000 r--p 00000000 07:1b 1755                       /snap/eclipse/87/plugins/org.eclipse.justj.openjdk.hotspot.jre.full.linux.x86_64_17.0.10.v20240120-1143/jre/lib/libjimage.so
7fad9901f000-7fad99032000 r-xp 00004000 07:1b 1755                       /snap/eclipse/87/plugins/org.eclipse.justj.openjdk.hotspot.jre.full.linux.x86_64_17.0.10.v20240120-1143/jre/lib/libjimage.so
7fad99032000-7fad99038000 r--p 00017000 07:1b 1755                       /snap/eclipse/87/plugins/org.eclipse.justj.openjdk.hotspot.jre.full.linux.x86_64_17.0.10.v20240120-1143/jre/lib/libjimage.so
7fad99038000-7fad9903a000 r--p 0001c000 07:1b 1755                       /snap/eclipse/87/plugins/org.eclipse.justj.openjdk.hotspot.jre.full.linux.x86_64_17.0.10.v20240120-1143/jre/lib/libjimage.so
7fad9903a000-7fad9903b000 rw-p 0001e000 07:1b 1755                       /snap/eclipse/87/plugins/org.eclipse.justj.openjdk.hotspot.jre.full.linux.x86_64_17.0.10.v20240120-1143/jre/lib/libjimage.so
7fad9903b000-7fad9913b000 rw-p 00000000 00:00 0 
7fad9913b000-7fad99149000 r--p 00000000 08:01 4198238                    /usr/lib/x86_64-linux-gnu/libm.so.6
7fad99149000-7fad991c5000 r-xp 0000e000 08:01 4198238                    /usr/lib/x86_64-linux-gnu/libm.so.6
7fad991c5000-7fad99220000 r--p 0008a000 08:01 4198238                    /usr/lib/x86_64-linux-gnu/libm.so.6
7fad99220000-7fad99221000 r--p 000e4000 08:01 4198238                    /usr/lib/x86_64-linux-gnu/libm.so.6
7fad99221000-7fad99222000 rw-p 000e5000 08:01 4198238                    /usr/lib/x86_64-linux-gnu/libm.so.6
7fad99222000-7fad99223000 r--p 00000000 08:01 4198250                    /usr/lib/x86_64-linux-gnu/librt.so.1
7fad99223000-7fad99224000 r-xp 00001000 08:01 4198250                    /usr/lib/x86_64-linux-gnu/librt.so.1
7fad99224000-7fad99225000 r--p 00002000 08:01 4198250                    /usr/lib/x86_64-linux-gnu/librt.so.1
7fad99225000-7fad99226000 r--p 00002000 08:01 4198250                    /usr/lib/x86_64-linux-gnu/librt.so.1
7fad99226000-7fad99227000 rw-p 00003000 08:01 4198250                    /usr/lib/x86_64-linux-gnu/librt.so.1
7fad99227000-7fad9947a000 r--p 00000000 07:1b 1783                       /snap/eclipse/87/plugins/org.eclipse.justj.openjdk.hotspot.jre.full.linux.x86_64_17.0.10.v20240120-1143/jre/lib/server/libjvm.so
7fad9947a000-7fad9a199000 r-xp 00253000 07:1b 1783                       /snap/eclipse/87/plugins/org.eclipse.justj.openjdk.hotspot.jre.full.linux.x86_64_17.0.10.v20240120-1143/jre/lib/server/libjvm.so
7fad9a199000-7fad9a425000 r--p 00f72000 07:1b 1783                       /snap/eclipse/87/plugins/org.eclipse.justj.openjdk.hotspot.jre.full.linux.x86_64_17.0.10.v20240120-1143/jre/lib/server/libjvm.so
7fad9a425000-7fad9a426000 ---p 011fe000 07:1b 1783                       /snap/eclipse/87/plugins/org.eclipse.justj.openjdk.hotspot.jre.full.linux.x86_64_17.0.10.v20240120-1143/jre/lib/server/libjvm.so
7fad9a426000-7fad9a4df000 r--p 011fe000 07:1b 1783                       /snap/eclipse/87/plugins/org.eclipse.justj.openjdk.hotspot.jre.full.linux.x86_64_17.0.10.v20240120-1143/jre/lib/server/libjvm.so
7fad9a4df000-7fad9a514000 rw-p 012b7000 07:1b 1783                       /snap/eclipse/87/plugins/org.eclipse.justj.openjdk.hotspot.jre.full.linux.x86_64_17.0.10.v20240120-1143/jre/lib/server/libjvm.so
7fad9a514000-7fad9a570000 rw-p 00000000 00:00 0 
7fad9a570000-7fad9a598000 r--p 00000000 08:01 4198234                    /usr/lib/x86_64-linux-gnu/libc.so.6
7fad9a598000-7fad9a72d000 r-xp 00028000 08:01 4198234                    /usr/lib/x86_64-linux-gnu/libc.so.6
7fad9a72d000-7fad9a785000 r--p 001bd000 08:01 4198234                    /usr/lib/x86_64-linux-gnu/libc.so.6
7fad9a785000-7fad9a786000 ---p 00215000 08:01 4198234                    /usr/lib/x86_64-linux-gnu/libc.so.6
7fad9a786000-7fad9a78a000 r--p 00215000 08:01 4198234                    /usr/lib/x86_64-linux-gnu/libc.so.6
7fad9a78a000-7fad9a78c000 rw-p 00219000 08:01 4198234                    /usr/lib/x86_64-linux-gnu/libc.so.6
7fad9a78c000-7fad9a799000 rw-p 00000000 00:00 0 
7fad9a799000-7fad9a79a000 r--p 00000000 08:01 4198236                    /usr/lib/x86_64-linux-gnu/libdl.so.2
7fad9a79a000-7fad9a79b000 r-xp 00001000 08:01 4198236                    /usr/lib/x86_64-linux-gnu/libdl.so.2
7fad9a79b000-7fad9a79c000 r--p 00002000 08:01 4198236                    /usr/lib/x86_64-linux-gnu/libdl.so.2
7fad9a79c000-7fad9a79d000 r--p 00002000 08:01 4198236                    /usr/lib/x86_64-linux-gnu/libdl.so.2
7fad9a79d000-7fad9a79e000 rw-p 00003000 08:01 4198236                    /usr/lib/x86_64-linux-gnu/libdl.so.2
7fad9a79e000-7fad9a79f000 r--p 00000000 08:01 4198248                    /usr/lib/x86_64-linux-gnu/libpthread.so.0
7fad9a79f000-7fad9a7a0000 r-xp 00001000 08:01 4198248                    /usr/lib/x86_64-linux-gnu/libpthread.so.0
7fad9a7a0000-7fad9a7a1000 r--p 00002000 08:01 4198248                    /usr/lib/x86_64-linux-gnu/libpthread.so.0
7fad9a7a1000-7fad9a7a2000 r--p 00002000 08:01 4198248                    /usr/lib/x86_64-linux-gnu/libpthread.so.0
7fad9a7a2000-7fad9a7a3000 rw-p 00003000 08:01 4198248                    /usr/lib/x86_64-linux-gnu/libpthread.so.0
7fad9a7ab000-7fad9a7b3000 rw-s 00000000 08:01 15731262                   /tmp/hsperfdata_inf1/44801
7fad9a7b3000-7fad9a7b4000 ---p 00000000 00:00 0 
7fad9a7b4000-7fad9a7b5000 r--p 00000000 00:00 0 
7fad9a7b5000-7fad9a7b8000 r--p 00000000 07:1b 1756                       /snap/eclipse/87/plugins/org.eclipse.justj.openjdk.hotspot.jre.full.linux.x86_64_17.0.10.v20240120-1143/jre/lib/libjli.so
7fad9a7b8000-7fad9a7c8000 r-xp 00003000 07:1b 1756                       /snap/eclipse/87/plugins/org.eclipse.justj.openjdk.hotspot.jre.full.linux.x86_64_17.0.10.v20240120-1143/jre/lib/libjli.so
7fad9a7c8000-7fad9a7cf000 r--p 00013000 07:1b 1756                       /snap/eclipse/87/plugins/org.eclipse.justj.openjdk.hotspot.jre.full.linux.x86_64_17.0.10.v20240120-1143/jre/lib/libjli.so
7fad9a7cf000-7fad9a7d0000 r--p 00019000 07:1b 1756                       /snap/eclipse/87/plugins/org.eclipse.justj.openjdk.hotspot.jre.full.linux.x86_64_17.0.10.v20240120-1143/jre/lib/libjli.so
7fad9a7d0000-7fad9a7d1000 rw-p 0001a000 07:1b 1756                       /snap/eclipse/87/plugins/org.eclipse.justj.openjdk.hotspot.jre.full.linux.x86_64_17.0.10.v20240120-1143/jre/lib/libjli.so
7fad9a7d1000-7fad9a7d3000 rw-p 00000000 00:00 0 
7fad9a7d3000-7fad9a7d5000 r--p 00000000 08:01 4198228                    /usr/lib/x86_64-linux-gnu/ld-linux-x86-64.so.2
7fad9a7d5000-7fad9a7ff000 r-xp 00002000 08:01 4198228                    /usr/lib/x86_64-linux-gnu/ld-linux-x86-64.so.2
7fad9a7ff000-7fad9a80a000 r--p 0002c000 08:01 4198228                    /usr/lib/x86_64-linux-gnu/ld-linux-x86-64.so.2
7fad9a80a000-7fad9a80b000 ---p 00000000 00:00 0 
7fad9a80b000-7fad9a80d000 r--p 00037000 08:01 4198228                    /usr/lib/x86_64-linux-gnu/ld-linux-x86-64.so.2
7fad9a80d000-7fad9a80f000 rw-p 00039000 08:01 4198228                    /usr/lib/x86_64-linux-gnu/ld-linux-x86-64.so.2
7fff1f19d000-7fff1f1a1000 ---p 00000000 00:00 0 
7fff1f97c000-7fff1f99d000 rw-p 00000000 00:00 0                          [stack]
7fff1f9db000-7fff1f9df000 r--p 00000000 00:00 0                          [vvar]
7fff1f9df000-7fff1f9e1000 r-xp 00000000 00:00 0                          [vdso]
ffffffffff600000-ffffffffff601000 --xp 00000000 00:00 0                  [vsyscall]


VM Arguments:
jvm_args: -Dfile.encoding=UTF-8 -Dstdout.encoding=UTF-8 -Dstderr.encoding=UTF-8 -XX:+ShowCodeDetailsInExceptionMessages 
java_command: ejInterfaceRunnable.Main
java_class_path (initial): /home/inf1/daw2025/ejInterfaceRunnableIni/bin
Launcher Type: SUN_STANDARD

[Global flags]
     intx CICompilerCount                          = 3                                         {product} {ergonomic}
     uint ConcGCThreads                            = 1                                         {product} {ergonomic}
     uint G1ConcRefinementThreads                  = 4                                         {product} {ergonomic}
   size_t G1HeapRegionSize                         = 1048576                                   {product} {ergonomic}
    uintx GCDrainStackTargetSize                   = 64                                        {product} {ergonomic}
   size_t InitialHeapSize                          = 130023424                                 {product} {ergonomic}
   size_t MarkStackSize                            = 4194304                                   {product} {ergonomic}
   size_t MaxHeapSize                              = 2051014656                                {product} {ergonomic}
   size_t MinHeapDeltaBytes                        = 1048576                                   {product} {ergonomic}
   size_t MinHeapSize                              = 8388608                                   {product} {ergonomic}
    uintx NonNMethodCodeHeapSize                   = 5832780                                {pd product} {ergonomic}
    uintx NonProfiledCodeHeapSize                  = 122912730                              {pd product} {ergonomic}
    uintx ProfiledCodeHeapSize                     = 122912730                              {pd product} {ergonomic}
    uintx ReservedCodeCacheSize                    = 251658240                              {pd product} {ergonomic}
     bool SegmentedCodeCache                       = true                                      {product} {ergonomic}
     bool ShowCodeDetailsInExceptionMessages       = true                                   {manageable} {command line}
   size_t SoftMaxHeapSize                          = 2051014656                             {manageable} {ergonomic}
     bool UseCompressedClassPointers               = true                           {product lp64_product} {ergonomic}
     bool UseCompressedOops                        = true                           {product lp64_product} {ergonomic}
     bool UseG1GC                                  = true                                      {product} {ergonomic}

Logging:
Log output configuration:
 #0: stdout all=warning uptime,level,tags
 #1: stderr all=off uptime,level,tags

Environment Variables:
PATH=/usr/local/sbin:/usr/local/bin:/usr/sbin:/usr/bin:/sbin:/bin:/usr/games:/usr/local/games:/snap/bin
XDG_CACHE_HOME=/home/inf1/.cache
XDG_CONFIG_HOME=/home/inf1/.config
SHELL=/bin/bash
DISPLAY=:0
LANG=es_ES.UTF-8
LC_NUMERIC=es_ES.UTF-8
LC_TIME=es_ES.UTF-8
TERM=qterminal

Active Locale:
LC_ALL=C
LC_COLLATE=C
LC_CTYPE=C
LC_MESSAGES=C
LC_MONETARY=C
LC_NUMERIC=C
LC_TIME=C

Signal Handlers:
   SIGSEGV: crash_handler in libjvm.so, mask=11100100010111111101111111111110, flags=SA_RESTART|SA_SIGINFO, unblocked
    SIGBUS: crash_handler in libjvm.so, mask=11100100010111111101111111111110, flags=SA_RESTART|SA_SIGINFO, unblocked
    SIGFPE: crash_handler in libjvm.so, mask=11100100010111111101111111111110, flags=SA_RESTART|SA_SIGINFO, unblocked
   SIGPIPE: javaSignalHandler in libjvm.so, mask=11100100010111111101111111111110, flags=SA_RESTART|SA_SIGINFO, blocked
   SIGXFSZ: javaSignalHandler in libjvm.so, mask=11100100010111111101111111111110, flags=SA_RESTART|SA_SIGINFO, blocked
    SIGILL: crash_handler in libjvm.so, mask=11100100010111111101111111111110, flags=SA_RESTART|SA_SIGINFO, unblocked
   SIGUSR2: SR_handler in libjvm.so, mask=00100000000000000000000000000000, flags=SA_RESTART|SA_SIGINFO, blocked
    SIGHUP: SIG_DFL, mask=00000000000000000000000000000000, flags=none, blocked
    SIGINT: SIG_DFL, mask=00000000000000000000000000000000, flags=none, blocked
   SIGTERM: SIG_DFL, mask=00000000000000000000000000000000, flags=none, blocked
   SIGQUIT: UserHandler in libjvm.so, mask=11100100010111111101111111111110, flags=SA_RESTART|SA_SIGINFO, blocked
   SIGTRAP: crash_handler in libjvm.so, mask=11100100010111111101111111111110, flags=SA_RESTART|SA_SIGINFO, unblocked


Periodic native trim disabled


---------------  S Y S T E M  ---------------

OS:
DISTRIB_ID=Ubuntu
DISTRIB_RELEASE=22.04
DISTRIB_CODENAME=jammy
DISTRIB_DESCRIPTION="Ubuntu 22.04 LTS"
uname: Linux 5.15.0-101-generic #111-Ubuntu SMP Tue Mar 5 20:16:58 UTC 2024 x86_64
OS uptime: 0 days 3:35 hours
libc: glibc 2.35 NPTL 2.35 
rlimit (soft/hard): STACK 8192k/infinity , CORE 0k/infinity , NPROC 30786/30786 , NOFILE 1048576/1048576 , AS infinity/infinity , CPU infinity/infinity , DATA infinity/infinity , FSIZE infinity/infinity , MEMLOCK 1000668k/1000668k
load average: 1.37 1.34 0.87

/proc/meminfo:
MemTotal:        8005372 kB
MemFree:         1998652 kB
MemAvailable:    3627928 kB
Buffers:          162600 kB
Cached:          2017596 kB
SwapCached:           72 kB
Active:          1415764 kB
Inactive:        3882096 kB
Active(anon):      68356 kB
Inactive(anon):  3427396 kB
Active(file):    1347408 kB
Inactive(file):   454700 kB
Unevictable:      102696 kB
Mlocked:               0 kB
SwapTotal:        524284 kB
SwapFree:         522224 kB
Dirty:               868 kB
Writeback:             0 kB
AnonPages:       3220236 kB
Mapped:           567296 kB
Shmem:            378088 kB
KReclaimable:     124744 kB
Slab:             296780 kB
SReclaimable:     124744 kB
SUnreclaim:       172036 kB
KernelStack:      158080 kB
PageTables:        47068 kB
NFS_Unstable:          0 kB
Bounce:                0 kB
WritebackTmp:          0 kB
CommitLimit:     4526968 kB
Committed_AS:   16364548 kB
VmallocTotal:   34359738367 kB
VmallocUsed:      181384 kB
VmallocChunk:          0 kB
Percpu:             3600 kB
HardwareCorrupted:     0 kB
AnonHugePages:         0 kB
ShmemHugePages:        0 kB
ShmemPmdMapped:        0 kB
FileHugePages:         0 kB
FilePmdMapped:         0 kB
HugePages_Total:       0
HugePages_Free:        0
HugePages_Rsvd:        0
HugePages_Surp:        0
Hugepagesize:       2048 kB
Hugetlb:               0 kB
DirectMap4k:      329828 kB
DirectMap2M:     7936000 kB
DirectMap1G:     1048576 kB

/sys/kernel/mm/transparent_hugepage/enabled: always [madvise] never
/sys/kernel/mm/transparent_hugepage/defrag (defrag/compaction efforts parameter): always defer defer+madvise [madvise] never

Process Memory:
Virtual Size: 2415760K (peak: 2415760K)
Resident Set Size: 18192K (peak: 18192K) (anon: 5704K, file: 12488K, shmem: 0K)
Swapped out: 0K
C-Heap outstanding allocations: 8824K, retained: 55K
glibc malloc tunables: (default)

/proc/sys/kernel/threads-max (system-wide limit on the number of threads): 61573
/proc/sys/vm/max_map_count (maximum number of memory map areas a process may have): 65530
/proc/sys/kernel/pid_max (system-wide limit on number of process identifiers): 4194304

container (cgroup) information:
container_type: cgroupv2
cpu_cpuset_cpus: not supported
cpu_memory_nodes: not supported
active_processor_count: 4
cpu_quota: not supported
cpu_period: not supported
cpu_shares: not supported
memory_limit_in_bytes: unlimited
memory_and_swap_limit_in_bytes: unlimited
memory_soft_limit_in_bytes: unlimited
memory_usage_in_bytes: 2129016 k
memory_max_usage_in_bytes: not supported
memory_swap_current_in_bytes: 4 k
memory_swap_max_limit_in_bytes: unlimited
maximum number of tasks: 9235
current number of tasks: 9235

Steal ticks since vm start: 0
Steal ticks percentage since vm start:  0.000

CPU: total 4 (initial active 4) (4 cores per cpu, 1 threads per core) family 6 model 60 stepping 3 microcode 0x28, cx8, cmov, fxsr, mmx, sse, sse2, sse3, ssse3, sse4.1, sse4.2, popcnt, lzcnt, tsc, tscinvbit, avx, avx2, aes, erms, clmul, bmi1, bmi2, fma, vzeroupper, clflush
CPU Model and flags from /proc/cpuinfo:
model name	: Intel(R) Core(TM) i5-4590 CPU @ 3.30GHz
flags		: fpu vme de pse tsc msr pae mce cx8 apic sep mtrr pge mca cmov pat pse36 clflush dts acpi mmx fxsr sse sse2 ss ht tm pbe syscall nx pdpe1gb rdtscp lm constant_tsc arch_perfmon pebs bts rep_good nopl xtopology nonstop_tsc cpuid aperfmperf pni pclmulqdq dtes64 monitor ds_cpl vmx smx est tm2 ssse3 sdbg fma cx16 xtpr pdcm pcid sse4_1 sse4_2 x2apic movbe popcnt tsc_deadline_timer aes xsave avx f16c rdrand lahf_lm abm cpuid_fault invpcid_single pti ssbd ibrs ibpb stibp tpr_shadow vnmi flexpriority ept vpid ept_ad fsgsbase tsc_adjust bmi1 avx2 smep bmi2 erms invpcid xsaveopt dtherm ida arat pln pts md_clear flush_l1d

Online cpus: 0-3
Offline cpus: 
BIOS frequency limitation: <Not Available>
Frequency switch latency (ns): 20000
Available cpu frequencies: <Not Available>
Current governor: schedutil
Core performance/turbo boost: <Not Available>

Memory: 4k page, physical 8005372k(1998652k free), swap 524284k(522224k free)
Page Sizes: 4k

vm_info: OpenJDK 64-Bit Server VM (17.0.10+7) for linux-amd64 JRE (17.0.10+7), built on Jan 16 2024 00:00:00 by "admin" with gcc 10.3.0

END.
